01:40:51 DEBUG : Logs will be stored at 'C:/FPGA/ECE385_final_project/IDE.log'.
01:40:54 INFO  : Launching XSCT server: xsct.bat -n  -interactive C:\FPGA\ECE385_final_project\temp_xsdb_launch_script.tcl
01:40:55 INFO  : Registering command handlers for Vitis TCF services
01:40:56 INFO  : Platform repository initialization has completed.
01:41:05 INFO  : XSCT server has started successfully.
01:41:05 INFO  : Successfully done setting XSCT server connection channel  
01:41:05 INFO  : plnx-install-location is set to ''
01:41:13 INFO  : Successfully done setting workspace for the tool. 
01:41:13 INFO  : Successfully done query RDI_DATADIR 
01:55:57 DEBUG : Logs will be stored at 'C:/FPGA/ECE385_final_project/IDE.log'.
01:55:59 INFO  : Launching XSCT server: xsct.bat -n  -interactive C:\FPGA\ECE385_final_project\temp_xsdb_launch_script.tcl
01:56:00 INFO  : Registering command handlers for Vitis TCF services
01:56:00 INFO  : Platform repository initialization has completed.
01:56:01 INFO  : XSCT server has started successfully.
01:56:02 INFO  : Successfully done setting XSCT server connection channel  
01:56:02 INFO  : plnx-install-location is set to ''
01:56:02 INFO  : Successfully done query RDI_DATADIR 
01:56:02 INFO  : Successfully done setting workspace for the tool. 
02:21:24 INFO  : Result from executing command 'getProjects': mb_platform
02:21:24 INFO  : Result from executing command 'getPlatforms': xilinx_vck190_base_202220_1|C:/Xilinx-vitis/Vitis/2022.2/base_platforms/xilinx_vck190_base_202220_1/xilinx_vck190_base_202220_1.xpfm;xilinx_vck190_base_dfx_202220_1|C:/Xilinx-vitis/Vitis/2022.2/base_platforms/xilinx_vck190_base_dfx_202220_1/xilinx_vck190_base_dfx_202220_1.xpfm;xilinx_vmk180_base_202220_1|C:/Xilinx-vitis/Vitis/2022.2/base_platforms/xilinx_vmk180_base_202220_1/xilinx_vmk180_base_202220_1.xpfm;xilinx_zcu102_base_202220_1|C:/Xilinx-vitis/Vitis/2022.2/base_platforms/xilinx_zcu102_base_202220_1/xilinx_zcu102_base_202220_1.xpfm;xilinx_zcu102_base_dfx_202220_1|C:/Xilinx-vitis/Vitis/2022.2/base_platforms/xilinx_zcu102_base_dfx_202220_1/xilinx_zcu102_base_dfx_202220_1.xpfm;xilinx_zcu104_base_202220_1|C:/Xilinx-vitis/Vitis/2022.2/base_platforms/xilinx_zcu104_base_202220_1/xilinx_zcu104_base_202220_1.xpfm
02:23:56 INFO  : Hardware specification for platform project 'mb_platform' is updated.
02:24:10 INFO  : Result from executing command 'removePlatformRepo': 
02:24:19 INFO  : Result from executing command 'getProjects': mb_platform
02:24:19 INFO  : Result from executing command 'getPlatforms': xilinx_vck190_base_202220_1|C:/Xilinx-vitis/Vitis/2022.2/base_platforms/xilinx_vck190_base_202220_1/xilinx_vck190_base_202220_1.xpfm;xilinx_vck190_base_dfx_202220_1|C:/Xilinx-vitis/Vitis/2022.2/base_platforms/xilinx_vck190_base_dfx_202220_1/xilinx_vck190_base_dfx_202220_1.xpfm;xilinx_vmk180_base_202220_1|C:/Xilinx-vitis/Vitis/2022.2/base_platforms/xilinx_vmk180_base_202220_1/xilinx_vmk180_base_202220_1.xpfm;xilinx_zcu102_base_202220_1|C:/Xilinx-vitis/Vitis/2022.2/base_platforms/xilinx_zcu102_base_202220_1/xilinx_zcu102_base_202220_1.xpfm;xilinx_zcu102_base_dfx_202220_1|C:/Xilinx-vitis/Vitis/2022.2/base_platforms/xilinx_zcu102_base_dfx_202220_1/xilinx_zcu102_base_dfx_202220_1.xpfm;xilinx_zcu104_base_202220_1|C:/Xilinx-vitis/Vitis/2022.2/base_platforms/xilinx_zcu104_base_202220_1/xilinx_zcu104_base_202220_1.xpfm
02:24:20 INFO  : Checking for BSP changes to sync application flags for project 'uart_test'...
02:25:23 INFO  : Hardware specification for platform project 'mb_platform' is updated.
02:25:34 INFO  : Result from executing command 'removePlatformRepo': 
02:25:42 INFO  : Result from executing command 'getProjects': mb_platform
02:25:42 INFO  : Result from executing command 'getPlatforms': xilinx_vck190_base_202220_1|C:/Xilinx-vitis/Vitis/2022.2/base_platforms/xilinx_vck190_base_202220_1/xilinx_vck190_base_202220_1.xpfm;xilinx_vck190_base_dfx_202220_1|C:/Xilinx-vitis/Vitis/2022.2/base_platforms/xilinx_vck190_base_dfx_202220_1/xilinx_vck190_base_dfx_202220_1.xpfm;xilinx_vmk180_base_202220_1|C:/Xilinx-vitis/Vitis/2022.2/base_platforms/xilinx_vmk180_base_202220_1/xilinx_vmk180_base_202220_1.xpfm;xilinx_zcu102_base_202220_1|C:/Xilinx-vitis/Vitis/2022.2/base_platforms/xilinx_zcu102_base_202220_1/xilinx_zcu102_base_202220_1.xpfm;xilinx_zcu102_base_dfx_202220_1|C:/Xilinx-vitis/Vitis/2022.2/base_platforms/xilinx_zcu102_base_dfx_202220_1/xilinx_zcu102_base_dfx_202220_1.xpfm;xilinx_zcu104_base_202220_1|C:/Xilinx-vitis/Vitis/2022.2/base_platforms/xilinx_zcu104_base_202220_1/xilinx_zcu104_base_202220_1.xpfm
02:25:43 INFO  : Checking for BSP changes to sync application flags for project 'uart_test'...
02:28:12 INFO  : Checking for BSP changes to sync application flags for project 'uart_test'...
02:30:24 INFO  : Successfully generated C:\FPGA\ECE385_final_project\uart_test\src\lscript.ld.
02:30:24 INFO  : Applying linker script to all configurations of project uart_test.
02:30:24 INFO  : Setting rebuild state to true for all configurations of project uart_test.
02:30:41 INFO  : Result from executing command 'removePlatformRepo': 
02:30:47 INFO  : Result from executing command 'getProjects': mb_platform
02:30:47 INFO  : Result from executing command 'getPlatforms': xilinx_vck190_base_202220_1|C:/Xilinx-vitis/Vitis/2022.2/base_platforms/xilinx_vck190_base_202220_1/xilinx_vck190_base_202220_1.xpfm;xilinx_vck190_base_dfx_202220_1|C:/Xilinx-vitis/Vitis/2022.2/base_platforms/xilinx_vck190_base_dfx_202220_1/xilinx_vck190_base_dfx_202220_1.xpfm;xilinx_vmk180_base_202220_1|C:/Xilinx-vitis/Vitis/2022.2/base_platforms/xilinx_vmk180_base_202220_1/xilinx_vmk180_base_202220_1.xpfm;xilinx_zcu102_base_202220_1|C:/Xilinx-vitis/Vitis/2022.2/base_platforms/xilinx_zcu102_base_202220_1/xilinx_zcu102_base_202220_1.xpfm;xilinx_zcu102_base_dfx_202220_1|C:/Xilinx-vitis/Vitis/2022.2/base_platforms/xilinx_zcu102_base_dfx_202220_1/xilinx_zcu102_base_dfx_202220_1.xpfm;xilinx_zcu104_base_202220_1|C:/Xilinx-vitis/Vitis/2022.2/base_platforms/xilinx_zcu104_base_202220_1/xilinx_zcu104_base_202220_1.xpfm
02:30:48 INFO  : Checking for BSP changes to sync application flags for project 'uart_test'...
02:31:11 INFO  : Connected to target on host '127.0.0.1' and port '3121'.
02:31:13 INFO  : Jtag cable 'RealDigital Boo 887100000007A' is selected.
02:31:13 INFO  : 'jtag frequency' command is executed.
02:31:13 INFO  : 'targets -set -filter {jtag_cable_name =~ "RealDigital Boo 887100000007A" && level==0 && jtag_device_ctx=="jsn1-0362f093-0"}' command is executed.
02:31:15 INFO  : Device configured successfully with "C:/FPGA/ECE385_final_project/final_top.bit"
02:31:15 INFO  : Context for processor 'microblaze_0' is selected.
02:31:15 INFO  : Hardware design and registers information is loaded from 'C:/FPGA/ECE385_final_project/final_top.xsa'.
02:31:15 INFO  : 'configparams mdm-detect-bscan-mask 2' command is executed.
02:31:15 INFO  : Context for processor 'microblaze_0' is selected.
02:31:15 INFO  : System reset is completed.
02:31:18 INFO  : 'after 3000' command is executed.
02:31:18 INFO  : Context for processor 'microblaze_0' is selected.
02:31:18 INFO  : The application 'C:/FPGA/ECE385_final_project/uart_test/Debug/uart_test.elf' is downloaded to processor 'microblaze_0'.
02:31:18 INFO  : ----------------XSDB Script----------------
connect -url tcp:127.0.0.1:3121
targets -set -filter {jtag_cable_name =~ "RealDigital Boo 887100000007A" && level==0 && jtag_device_ctx=="jsn1-0362f093-0"}
fpga -file C:/FPGA/ECE385_final_project/final_top.bit
targets -set -nocase -filter {name =~ "*microblaze*#0" && bscan=="USER2" }
loadhw -hw C:/FPGA/ECE385_final_project/final_top.xsa -regs
configparams mdm-detect-bscan-mask 2
targets -set -nocase -filter {name =~ "*microblaze*#0" && bscan=="USER2" }
rst -system
after 3000
targets -set -nocase -filter {name =~ "*microblaze*#0" && bscan=="USER2" }
dow C:/FPGA/ECE385_final_project/uart_test/Debug/uart_test.elf
----------------End of Script----------------

02:31:18 INFO  : Context for processor 'microblaze_0' is selected.
02:31:18 INFO  : 'con' command is executed.
02:31:18 INFO  : ----------------XSDB Script (After Launch)----------------
targets -set -nocase -filter {name =~ "*microblaze*#0" && bscan=="USER2" }
con
----------------End of Script----------------

02:31:18 INFO  : Disconnected from the channel tcfchan#7.
02:34:33 INFO  : Connected to target on host '127.0.0.1' and port '3121'.
02:34:34 INFO  : Jtag cable 'RealDigital Boo 887100000007A' is selected.
02:34:34 INFO  : 'jtag frequency' command is executed.
02:34:34 INFO  : 'targets -set -filter {jtag_cable_name =~ "RealDigital Boo 887100000007A" && level==0 && jtag_device_ctx=="jsn1-0362f093-0"}' command is executed.
02:34:35 INFO  : Device configured successfully with "C:/FPGA/ECE385_final_project/final_top.bit"
02:34:35 INFO  : Context for processor 'microblaze_0' is selected.
02:34:35 INFO  : Hardware design and registers information is loaded from 'C:/FPGA/ECE385_final_project/final_top.xsa'.
02:34:35 INFO  : 'configparams mdm-detect-bscan-mask 2' command is executed.
02:34:35 INFO  : Context for processor 'microblaze_0' is selected.
02:34:35 INFO  : System reset is completed.
02:34:38 INFO  : 'after 3000' command is executed.
02:34:38 INFO  : Context for processor 'microblaze_0' is selected.
02:34:38 INFO  : The application 'C:/FPGA/ECE385_final_project/uart_test/Debug/uart_test.elf' is downloaded to processor 'microblaze_0'.
02:34:38 INFO  : ----------------XSDB Script----------------
connect -url tcp:127.0.0.1:3121
targets -set -filter {jtag_cable_name =~ "RealDigital Boo 887100000007A" && level==0 && jtag_device_ctx=="jsn1-0362f093-0"}
fpga -file C:/FPGA/ECE385_final_project/final_top.bit
targets -set -nocase -filter {name =~ "*microblaze*#0" && bscan=="USER2" }
loadhw -hw C:/FPGA/ECE385_final_project/final_top.xsa -regs
configparams mdm-detect-bscan-mask 2
targets -set -nocase -filter {name =~ "*microblaze*#0" && bscan=="USER2" }
rst -system
after 3000
targets -set -nocase -filter {name =~ "*microblaze*#0" && bscan=="USER2" }
dow C:/FPGA/ECE385_final_project/uart_test/Debug/uart_test.elf
----------------End of Script----------------

02:34:38 INFO  : Context for processor 'microblaze_0' is selected.
02:34:39 INFO  : 'con' command is executed.
02:34:39 INFO  : ----------------XSDB Script (After Launch)----------------
targets -set -nocase -filter {name =~ "*microblaze*#0" && bscan=="USER2" }
con
----------------End of Script----------------

02:34:39 INFO  : Disconnected from the channel tcfchan#8.
11:16:22 INFO  : Result from executing command 'removePlatformRepo': 
11:16:30 INFO  : Result from executing command 'getProjects': mb_platform
11:16:30 INFO  : Result from executing command 'getPlatforms': xilinx_vck190_base_202220_1|C:/Xilinx-vitis/Vitis/2022.2/base_platforms/xilinx_vck190_base_202220_1/xilinx_vck190_base_202220_1.xpfm;xilinx_vck190_base_dfx_202220_1|C:/Xilinx-vitis/Vitis/2022.2/base_platforms/xilinx_vck190_base_dfx_202220_1/xilinx_vck190_base_dfx_202220_1.xpfm;xilinx_vmk180_base_202220_1|C:/Xilinx-vitis/Vitis/2022.2/base_platforms/xilinx_vmk180_base_202220_1/xilinx_vmk180_base_202220_1.xpfm;xilinx_zcu102_base_202220_1|C:/Xilinx-vitis/Vitis/2022.2/base_platforms/xilinx_zcu102_base_202220_1/xilinx_zcu102_base_202220_1.xpfm;xilinx_zcu102_base_dfx_202220_1|C:/Xilinx-vitis/Vitis/2022.2/base_platforms/xilinx_zcu102_base_dfx_202220_1/xilinx_zcu102_base_dfx_202220_1.xpfm;xilinx_zcu104_base_202220_1|C:/Xilinx-vitis/Vitis/2022.2/base_platforms/xilinx_zcu104_base_202220_1/xilinx_zcu104_base_202220_1.xpfm
11:16:31 INFO  : Checking for BSP changes to sync application flags for project 'uart_test'...
11:16:43 INFO  : Connected to target on host '127.0.0.1' and port '3121'.
11:16:44 INFO  : Jtag cable 'RealDigital Boo 887100000007A' is selected.
11:16:44 INFO  : 'jtag frequency' command is executed.
11:16:45 INFO  : 'targets -set -filter {jtag_cable_name =~ "RealDigital Boo 887100000007A" && level==0 && jtag_device_ctx=="jsn1-0362f093-0"}' command is executed.
11:16:46 INFO  : Device configured successfully with "C:/FPGA/ECE385_final_project/final_top.bit"
11:16:46 INFO  : Context for processor 'microblaze_0' is selected.
11:16:46 INFO  : Hardware design and registers information is loaded from 'C:/FPGA/ECE385_final_project/final_top.xsa'.
11:16:46 INFO  : 'configparams mdm-detect-bscan-mask 2' command is executed.
11:16:46 INFO  : Context for processor 'microblaze_0' is selected.
11:16:46 INFO  : System reset is completed.
11:16:49 INFO  : 'after 3000' command is executed.
11:16:50 INFO  : Context for processor 'microblaze_0' is selected.
11:16:50 INFO  : The application 'C:/FPGA/ECE385_final_project/uart_test/Debug/uart_test.elf' is downloaded to processor 'microblaze_0'.
11:16:50 INFO  : ----------------XSDB Script----------------
connect -url tcp:127.0.0.1:3121
targets -set -filter {jtag_cable_name =~ "RealDigital Boo 887100000007A" && level==0 && jtag_device_ctx=="jsn1-0362f093-0"}
fpga -file C:/FPGA/ECE385_final_project/final_top.bit
targets -set -nocase -filter {name =~ "*microblaze*#0" && bscan=="USER2" }
loadhw -hw C:/FPGA/ECE385_final_project/final_top.xsa -regs
configparams mdm-detect-bscan-mask 2
targets -set -nocase -filter {name =~ "*microblaze*#0" && bscan=="USER2" }
rst -system
after 3000
targets -set -nocase -filter {name =~ "*microblaze*#0" && bscan=="USER2" }
dow C:/FPGA/ECE385_final_project/uart_test/Debug/uart_test.elf
----------------End of Script----------------

11:16:50 INFO  : Context for processor 'microblaze_0' is selected.
11:16:50 INFO  : 'con' command is executed.
11:16:50 INFO  : ----------------XSDB Script (After Launch)----------------
targets -set -nocase -filter {name =~ "*microblaze*#0" && bscan=="USER2" }
con
----------------End of Script----------------

11:16:50 INFO  : Disconnected from the channel tcfchan#11.
11:35:05 INFO  : No changes in MSS file content so sources will not be generated.
11:35:23 INFO  : Hardware specification for platform project 'mb_platform' is updated.
11:36:04 INFO  : Result from executing command 'removePlatformRepo': 
11:36:10 INFO  : Result from executing command 'getProjects': mb_platform
11:36:10 INFO  : Result from executing command 'getPlatforms': xilinx_vck190_base_202220_1|C:/Xilinx-vitis/Vitis/2022.2/base_platforms/xilinx_vck190_base_202220_1/xilinx_vck190_base_202220_1.xpfm;xilinx_vck190_base_dfx_202220_1|C:/Xilinx-vitis/Vitis/2022.2/base_platforms/xilinx_vck190_base_dfx_202220_1/xilinx_vck190_base_dfx_202220_1.xpfm;xilinx_vmk180_base_202220_1|C:/Xilinx-vitis/Vitis/2022.2/base_platforms/xilinx_vmk180_base_202220_1/xilinx_vmk180_base_202220_1.xpfm;xilinx_zcu102_base_202220_1|C:/Xilinx-vitis/Vitis/2022.2/base_platforms/xilinx_zcu102_base_202220_1/xilinx_zcu102_base_202220_1.xpfm;xilinx_zcu102_base_dfx_202220_1|C:/Xilinx-vitis/Vitis/2022.2/base_platforms/xilinx_zcu102_base_dfx_202220_1/xilinx_zcu102_base_dfx_202220_1.xpfm;xilinx_zcu104_base_202220_1|C:/Xilinx-vitis/Vitis/2022.2/base_platforms/xilinx_zcu104_base_202220_1/xilinx_zcu104_base_202220_1.xpfm
11:36:11 INFO  : Checking for BSP changes to sync application flags for project 'uart_test'...
11:36:11 INFO  : Updating application flags with new BSP settings...
11:36:11 INFO  : Successfully updated application flags for project uart_test.
11:36:13 INFO  : The hardware specification used by project 'uart_test' is out of sync with the platform. Resource files extracted from the hardware specification will be updated.
11:36:13 INFO  : The file 'C:\FPGA\ECE385_final_project\uart_test\_ide\bitstream\final_top.bit' stored in project is removed.
11:36:13 INFO  : The file 'C:\FPGA\ECE385_final_project\uart_test\_ide\bitstream\final_top.mmi' stored in project is removed.
11:36:13 INFO  : The updated bitstream files are copied from platform to folder 'C:\FPGA\ECE385_final_project\uart_test\_ide\bitstream' in project 'uart_test'.
11:36:18 INFO  : Connected to target on host '127.0.0.1' and port '3121'.
11:36:19 INFO  : Jtag cable 'RealDigital Boo 887100000007A' is selected.
11:36:19 INFO  : 'jtag frequency' command is executed.
11:36:19 INFO  : 'targets -set -filter {jtag_cable_name =~ "RealDigital Boo 887100000007A" && level==0 && jtag_device_ctx=="jsn1-0362f093-0"}' command is executed.
11:36:20 INFO  : Device configured successfully with "C:/FPGA/ECE385_final_project/final_top.bit"
11:36:20 INFO  : Context for processor 'microblaze_0' is selected.
11:36:20 INFO  : Hardware design and registers information is loaded from 'C:/FPGA/ECE385_final_project/final_top.xsa'.
11:36:20 INFO  : 'configparams mdm-detect-bscan-mask 2' command is executed.
11:36:20 INFO  : Context for processor 'microblaze_0' is selected.
11:36:20 INFO  : System reset is completed.
11:36:23 INFO  : 'after 3000' command is executed.
11:36:23 INFO  : Context for processor 'microblaze_0' is selected.
11:36:23 INFO  : The application 'C:/FPGA/ECE385_final_project/uart_test/Debug/uart_test.elf' is downloaded to processor 'microblaze_0'.
11:36:23 INFO  : ----------------XSDB Script----------------
connect -url tcp:127.0.0.1:3121
targets -set -filter {jtag_cable_name =~ "RealDigital Boo 887100000007A" && level==0 && jtag_device_ctx=="jsn1-0362f093-0"}
fpga -file C:/FPGA/ECE385_final_project/final_top.bit
targets -set -nocase -filter {name =~ "*microblaze*#0" && bscan=="USER2" }
loadhw -hw C:/FPGA/ECE385_final_project/final_top.xsa -regs
configparams mdm-detect-bscan-mask 2
targets -set -nocase -filter {name =~ "*microblaze*#0" && bscan=="USER2" }
rst -system
after 3000
targets -set -nocase -filter {name =~ "*microblaze*#0" && bscan=="USER2" }
dow C:/FPGA/ECE385_final_project/uart_test/Debug/uart_test.elf
----------------End of Script----------------

11:36:23 INFO  : Context for processor 'microblaze_0' is selected.
11:36:23 INFO  : 'con' command is executed.
11:36:23 INFO  : ----------------XSDB Script (After Launch)----------------
targets -set -nocase -filter {name =~ "*microblaze*#0" && bscan=="USER2" }
con
----------------End of Script----------------

11:36:23 INFO  : Disconnected from the channel tcfchan#14.
11:36:25 INFO  : Connected to target on host '127.0.0.1' and port '3121'.
11:36:26 INFO  : Jtag cable 'RealDigital Boo 887100000007A' is selected.
11:36:26 INFO  : 'jtag frequency' command is executed.
11:36:29 ERROR : no targets found with "jtag_cable_name =~ "RealDigital Boo 887100000007A" && level==0 && jtag_device_ctx=="jsn1-0362f093-0"". available targets:
  1  xc7s50
     2  MicroBlaze Debug Module at USER2
        3  MicroBlaze #0 (Running)
11:36:29 ERROR : Exception occured while running Program Device.
java.lang.RuntimeException: no targets found with "jtag_cable_name =~ "RealDigital Boo 887100000007A" && level==0 && jtag_device_ctx=="jsn1-0362f093-0"". available targets:
  1  xc7s50
     2  MicroBlaze Debug Module at USER2
        3  MicroBlaze #0 (Running)
11:36:29 INFO  : ----------------XSDB Script----------------
connect -url tcp:127.0.0.1:3121
----------------End of Script----------------

11:36:29 ERROR : no targets found with "jtag_cable_name =~ "RealDigital Boo 887100000007A" && level==0 && jtag_device_ctx=="jsn1-0362f093-0"". available targets:
  1  xc7s50
     2  MicroBlaze Debug Module at USER2
        3  MicroBlaze #0 (Running)
11:37:48 INFO  : Connected to target on host '127.0.0.1' and port '3121'.
11:37:49 INFO  : Jtag cable 'RealDigital Boo 887100000007A' is selected.
11:37:49 INFO  : 'jtag frequency' command is executed.
11:37:52 ERROR : no targets found with "jtag_cable_name =~ "RealDigital Boo 887100000007A" && level==0 && jtag_device_ctx=="jsn1-0362f093-0"". available targets:
  1  xc7s50
     2  MicroBlaze Debug Module at USER2
        3  MicroBlaze #0 (Running)
11:37:52 ERROR : Exception occured while running Program Device.
java.lang.RuntimeException: no targets found with "jtag_cable_name =~ "RealDigital Boo 887100000007A" && level==0 && jtag_device_ctx=="jsn1-0362f093-0"". available targets:
  1  xc7s50
     2  MicroBlaze Debug Module at USER2
        3  MicroBlaze #0 (Running)
11:37:52 INFO  : ----------------XSDB Script----------------
connect -url tcp:127.0.0.1:3121
----------------End of Script----------------

11:37:52 ERROR : no targets found with "jtag_cable_name =~ "RealDigital Boo 887100000007A" && level==0 && jtag_device_ctx=="jsn1-0362f093-0"". available targets:
  1  xc7s50
     2  MicroBlaze Debug Module at USER2
        3  MicroBlaze #0 (Running)
11:44:20 INFO  : Connected to target on host '127.0.0.1' and port '3121'.
11:44:20 INFO  : Jtag cable 'RealDigital Boo 887100000007A' is selected.
11:44:20 INFO  : 'jtag frequency' command is executed.
11:44:23 ERROR : no targets found with "jtag_cable_name =~ "RealDigital Boo 887100000007A" && level==0 && jtag_device_ctx=="jsn1-0362f093-0"". available targets:
  1  xc7s50
     2  MicroBlaze Debug Module at USER2
        3  MicroBlaze #0 (Running)
11:44:23 ERROR : Exception occured while running Program Device.
java.lang.RuntimeException: no targets found with "jtag_cable_name =~ "RealDigital Boo 887100000007A" && level==0 && jtag_device_ctx=="jsn1-0362f093-0"". available targets:
  1  xc7s50
     2  MicroBlaze Debug Module at USER2
        3  MicroBlaze #0 (Running)
11:44:23 INFO  : ----------------XSDB Script----------------
connect -url tcp:127.0.0.1:3121
----------------End of Script----------------

11:44:23 ERROR : no targets found with "jtag_cable_name =~ "RealDigital Boo 887100000007A" && level==0 && jtag_device_ctx=="jsn1-0362f093-0"". available targets:
  1  xc7s50
     2  MicroBlaze Debug Module at USER2
        3  MicroBlaze #0 (Running)
11:45:27 INFO  : Hardware specification for platform project 'mb_platform' is updated.
11:45:37 INFO  : Result from executing command 'removePlatformRepo': 
11:45:45 INFO  : Result from executing command 'getProjects': mb_platform
11:45:45 INFO  : Result from executing command 'getPlatforms': xilinx_vck190_base_202220_1|C:/Xilinx-vitis/Vitis/2022.2/base_platforms/xilinx_vck190_base_202220_1/xilinx_vck190_base_202220_1.xpfm;xilinx_vck190_base_dfx_202220_1|C:/Xilinx-vitis/Vitis/2022.2/base_platforms/xilinx_vck190_base_dfx_202220_1/xilinx_vck190_base_dfx_202220_1.xpfm;xilinx_vmk180_base_202220_1|C:/Xilinx-vitis/Vitis/2022.2/base_platforms/xilinx_vmk180_base_202220_1/xilinx_vmk180_base_202220_1.xpfm;xilinx_zcu102_base_202220_1|C:/Xilinx-vitis/Vitis/2022.2/base_platforms/xilinx_zcu102_base_202220_1/xilinx_zcu102_base_202220_1.xpfm;xilinx_zcu102_base_dfx_202220_1|C:/Xilinx-vitis/Vitis/2022.2/base_platforms/xilinx_zcu102_base_dfx_202220_1/xilinx_zcu102_base_dfx_202220_1.xpfm;xilinx_zcu104_base_202220_1|C:/Xilinx-vitis/Vitis/2022.2/base_platforms/xilinx_zcu104_base_202220_1/xilinx_zcu104_base_202220_1.xpfm
11:45:46 INFO  : Checking for BSP changes to sync application flags for project 'uart_test'...
11:46:19 INFO  : Connected to target on host '127.0.0.1' and port '3121'.
11:46:19 INFO  : Jtag cable 'RealDigital Boo 887100000007A' is selected.
11:46:19 INFO  : 'jtag frequency' command is executed.
11:46:22 ERROR : no targets found with "jtag_cable_name =~ "RealDigital Boo 887100000007A" && level==0 && jtag_device_ctx=="jsn1-0362f093-0"". available targets:
  1  xc7s50
     2  MicroBlaze Debug Module at USER2
        3  MicroBlaze #0 (Running)
11:46:23 ERROR : Exception occured while running Program Device.
java.lang.RuntimeException: no targets found with "jtag_cable_name =~ "RealDigital Boo 887100000007A" && level==0 && jtag_device_ctx=="jsn1-0362f093-0"". available targets:
  1  xc7s50
     2  MicroBlaze Debug Module at USER2
        3  MicroBlaze #0 (Running)
11:46:23 INFO  : ----------------XSDB Script----------------
connect -url tcp:127.0.0.1:3121
----------------End of Script----------------

11:46:23 ERROR : no targets found with "jtag_cable_name =~ "RealDigital Boo 887100000007A" && level==0 && jtag_device_ctx=="jsn1-0362f093-0"". available targets:
  1  xc7s50
     2  MicroBlaze Debug Module at USER2
        3  MicroBlaze #0 (Running)
11:48:02 INFO  : Bit file 'C:/FPGA/ECE385_final_project/download.bit' is generated.
11:48:02 INFO  : Connected to target on host '127.0.0.1' and port '3121'.
11:48:05 ERROR : no targets found with "jtag_cable_name =~ "RealDigital Boo 887100000007A" && level==0 && jtag_device_ctx=="jsn1-0362f093-0"". available targets:
  1  xc7s50
     2  MicroBlaze Debug Module at USER2
        3  MicroBlaze #0 (Running)
19:46:14 DEBUG : Logs will be stored at 'D:/ECE_385/ECE385_final_project/IDE.log'.
19:46:15 INFO  : Launching XSCT server: xsct.bat -n  -interactive D:\ECE_385\ECE385_final_project\temp_xsdb_launch_script.tcl
19:46:18 INFO  : Registering command handlers for Vitis TCF services
19:46:19 INFO  : XSCT server has started successfully.
19:46:19 INFO  : Platform repository initialization has completed.
19:46:24 INFO  : Successfully done setting XSCT server connection channel  
19:46:24 INFO  : plnx-install-location is set to ''
19:46:24 INFO  : Successfully done query RDI_DATADIR 
19:46:24 INFO  : Successfully done setting workspace for the tool. 
20:12:16 INFO  : Hardware specification for platform project 'mb_platform' is updated.
